#
# A fatal error has been detected by the Java Runtime Environment:
#
#  EXCEPTION_ACCESS_VIOLATION (0xc0000005) at pc=0x00007ffbc28a0b3c, pid=45456, tid=15828
#
# JRE version: OpenJDK Runtime Environment (16.0.2+7) (build 16.0.2+7-67)
# Java VM: OpenJDK 64-Bit Server VM (16.0.2+7-67, mixed mode, tiered, compressed oops, compressed class ptrs, g1 gc, windows-amd64)
# Problematic frame:
# V  [jvm.dll+0x620b3c]
#
# No core dump will be written. Minidumps are not enabled by default on client versions of Windows
#
# If you would like to submit a bug report, please visit:
#   https://bugreport.java.com/bugreport/crash.jsp
#

---------------  S U M M A R Y ------------

Command Line: -XX:+ShowCodeDetailsInExceptionMessages -agentlib:jdwp=transport=dt_socket,suspend=y,address=localhost:54275 -javaagent:C:\Users\User\eclipse\java-2021-06\eclipse\configuration\org.eclipse.osgi\222\0\.cp\lib\javaagent-shaded.jar -Dfile.encoding=Cp1252 Sum

Host: Intel(R) Core(TM) i5-9400 CPU @ 2.90GHz, 6 cores, 15G,  Windows 10 , 64 bit Build 19041 (10.0.19041.2546)
Time: Sun Feb 26 20:19:37 2023 Mitteleuropäische Zeit elapsed time: 311.904198 seconds (0d 0h 5m 11s)

---------------  T H R E A D  ---------------

Current thread (0x0000028ce560eb70):  VMThread "VM Thread" [stack: 0x0000009d13900000,0x0000009d13a00000] [id=15828]

Stack: [0x0000009d13900000,0x0000009d13a00000],  sp=0x0000009d139ff020,  free space=1020k
Native frames: (J=compiled Java code, j=interpreted, Vv=VM code, C=native code)
V  [jvm.dll+0x620b3c]
V  [jvm.dll+0x6210f7]
V  [jvm.dll+0x525291]
V  [jvm.dll+0x1f3bfb]
V  [jvm.dll+0x1f5e67]
V  [jvm.dll+0x52575a]
V  [jvm.dll+0x7d00ab]
V  [jvm.dll+0x7d0da4]
V  [jvm.dll+0x7d12a9]
V  [jvm.dll+0x7d1564]
V  [jvm.dll+0x7d1630]
V  [jvm.dll+0x7795aa]
V  [jvm.dll+0x667066]
C  [ucrtbase.dll+0x21bb2]
C  [KERNEL32.DLL+0x17614]
C  [ntdll.dll+0x526a1]


siginfo: EXCEPTION_ACCESS_VIOLATION (0xc0000005), reading address 0x00000000b2000138


Register to memory mapping:

RIP=0x00007ffbc28a0b3c jvm.dll
RAX=0x00007ffbc2babf00 jvm.dll
RBX=0x0000028ce54a57d0 points into unknown readable memory: 0x0000000000000002 | 02 00 00 00 00 00 00 00
RCX=0x00000000b2000000 is an unknown value
RDX=0x0000009d139ff0b8 points into unknown readable memory: 0x00007ffbc2babf00 | 00 bf ba c2 fb 7f 00 00
RSP=0x0000009d139ff020 points into unknown readable memory: 0x0000009d139ff140 | 40 f1 9f 13 9d 00 00 00
RBP=0x0000028ce55f7b80 points into unknown readable memory: 0x0000028ce55f7ba0 | a0 7b 5f e5 8c 02 00 00
RSI=0x00000000b2000000 is an unknown value
RDI=0x0000028ce55f7ae0 points into unknown readable memory: 0x0000000000000000 | 00 00 00 00 00 00 00 00
R8 =0x0000028ce54a5890 points into unknown readable memory: 0x0000000000000002 | 02 00 00 00 00 00 00 00
R9 =0x0 is NULL
R10=0x00000008000c7298 is pointing into metadata
R11=0x0000009d139ff148 points into unknown readable memory: 0x00007ffbc2473bfb | fb 3b 47 c2 fb 7f 00 00
R12=0x00007ffbc2b23010 jvm.dll
R13=0x00007ffbc2d90980 jvm.dll
R14=0x0000028ce55f7ec8 points into unknown readable memory: 0x101ff640481b2628 | 28 26 1b 48 40 f6 1f 10
R15=0x00000000000003d8 is an unknown value


Registers:
RAX=0x00007ffbc2babf00, RBX=0x0000028ce54a57d0, RCX=0x00000000b2000000, RDX=0x0000009d139ff0b8
RSP=0x0000009d139ff020, RBP=0x0000028ce55f7b80, RSI=0x00000000b2000000, RDI=0x0000028ce55f7ae0
R8 =0x0000028ce54a5890, R9 =0x0000000000000000, R10=0x00000008000c7298, R11=0x0000009d139ff148
R12=0x00007ffbc2b23010, R13=0x00007ffbc2d90980, R14=0x0000028ce55f7ec8, R15=0x00000000000003d8
RIP=0x00007ffbc28a0b3c, EFLAGS=0x0000000000010202

Top of Stack: (sp=0x0000009d139ff020)
0x0000009d139ff020:   0000009d139ff140 0000009d139ff130
0x0000009d139ff030:   0000000000000000 0000028ccab36eb0
0x0000009d139ff040:   00000000000003d8 0000028ce55f7ec8
0x0000009d139ff050:   00000000b2000000 0000028ce55f7b80
0x0000009d139ff060:   0000028ce54a57d0 00007ffbc28a10f7
0x0000009d139ff070:   0000028ce55f7ec8 0000028ce55f7b80
0x0000009d139ff080:   00007ffbc2d90980 00000000000003d8
0x0000009d139ff090:   00000000000003d8 0000000000000000
0x0000009d139ff0a0:   0000000000000001 00007ffbc27a5291
0x0000009d139ff0b0:   0000028ce703a6c8 00007ffbc2babf00
0x0000009d139ff0c0:   0000009d139ff230 00000008000c6ea8
0x0000009d139ff0d0:   00000008000c70a8 0000000000000000
0x0000009d139ff0e0:   00007ffb00000000 0000028ce560eb70
0x0000009d139ff0f0:   0000028ce54a5890 0000028ce560ee70
0x0000009d139ff100:   0000028ce560ee98 0000028ce560ef58
0x0000009d139ff110:   00000000000000d8 0000009d139ff1b0 

Instructions: (pc=0x00007ffbc28a0b3c)
0x00007ffbc28a0a3c:   99 41 89 49 18 2b c2 49 c7 41 10 00 00 00 00 d1
0x00007ffbc28a0a4c:   f8 41 89 41 20 8b 05 c1 1a 45 00 8d 14 00 8d 42
0x00007ffbc28a0a5c:   02 48 63 c8 8b 44 cb 08 8d 4a 02 03 c8 4d 89 49
0x00007ffbc28a0a6c:   10 41 89 49 30 49 8b c9 4d 89 49 28 49 8b 01 48
0x00007ffbc28a0a7c:   83 c4 20 5b 48 ff 20 45 33 c9 41 8b c9 49 8b 01
0x00007ffbc28a0a8c:   48 83 c4 20 5b 48 ff 20 33 d2 8d 4a 28 e8 d2 e1
0x00007ffbc28a0a9c:   09 00 48 8b c8 48 85 c0 0f 84 c9 fe ff ff 48 89
0x00007ffbc28a0aac:   58 08 48 8d 05 eb 05 29 00 48 89 01 48 8b 43 08
0x00007ffbc28a0abc:   99 c7 41 18 01 00 00 00 2b c2 48 89 49 10 d1 f8
0x00007ffbc28a0acc:   89 41 20 48 8b 01 48 83 c4 20 5b 48 ff 20 ba 53
0x00007ffbc28a0adc:   04 00 00 48 8d 0d 42 b0 30 00 e8 f5 1f c2 ff e8
0x00007ffbc28a0aec:   50 72 04 00 33 c0 48 83 c4 20 5b c3 f0 0a 62 00
0x00007ffbc28a0afc:   0c 09 62 00 17 09 62 00 22 09 62 00 22 09 62 00
0x00007ffbc28a0b0c:   35 09 62 00 40 09 62 00 4b 09 62 00 80 09 62 00
0x00007ffbc28a0b1c:   ab 09 62 00 02 0a 62 00 94 0a 62 00 0c 09 62 00
0x00007ffbc28a0b2c:   cc cc cc cc 40 53 55 56 41 56 41 57 48 83 ec 20
0x00007ffbc28a0b3c:   48 63 81 38 01 00 00 48 8d 99 40 01 00 00 48 03
0x00007ffbc28a0b4c:   d8 4c 8b f2 e8 0b e8 ba ff 45 33 ff 48 8b e8 41
0x00007ffbc28a0b5c:   8b f7 48 3b d8 0f 83 b5 01 00 00 48 89 7c 24 58
0x00007ffbc28a0b6c:   4c 89 64 24 60 4c 8d 25 10 15 2a 00 0f 1f 84 00
0x00007ffbc28a0b7c:   00 00 00 00 44 0f b6 0b 48 63 fe 41 8b c9 45 85
0x00007ffbc28a0b8c:   c9 0f 84 52 01 00 00 83 e9 01 0f 84 d6 00 00 00
0x00007ffbc28a0b9c:   83 e9 08 0f 84 40 01 00 00 83 f9 04 74 22 4c 8d
0x00007ffbc28a0bac:   05 5f af 30 00 ba 01 07 00 00 48 8d 0d 6b af 30
0x00007ffbc28a0bbc:   00 e8 6e 1d c2 ff e8 79 71 04 00 e9 d4 00 00 00
0x00007ffbc28a0bcc:   33 d2 8d 4a 10 e8 9a e0 09 00 48 85 c0 74 09 48
0x00007ffbc28a0bdc:   89 58 08 4c 89 20 eb 03 49 8b c7 48 8b 40 08 49
0x00007ffbc28a0bec:   8b ce 4d 8b 06 48 8b 50 08 41 ff 10 84 c0 75 40
0x00007ffbc28a0bfc:   0f b6 03 3c 01 76 30 3c 0d 75 0c b8 02 00 00 00
0x00007ffbc28a0c0c:   03 f0 e9 8d 00 00 00 44 8b c8 4c 8d 05 f3 ae 30
0x00007ffbc28a0c1c:   00 ba 73 05 00 00 48 8d 0d ff ae 30 00 e8 02 1d
0x00007ffbc28a0c2c:   c2 ff e8 0d 71 04 00 b8 01 00 00 00 03 f0 eb 64 


Stack slot to memory mapping:
stack at sp + 0 slots: 0x0000009d139ff140 points into unknown readable memory: 0x0000009d139ff230 | 30 f2 9f 13 9d 00 00 00
stack at sp + 1 slots: 0x0000009d139ff130 points into unknown readable memory: 0x00007ffbc2b23010 | 10 30 b2 c2 fb 7f 00 00
stack at sp + 2 slots: 0x0 is NULL
stack at sp + 3 slots: 0x0000028ccab36eb0 is at entry_point+-16 in (nmethod*)0x0000028ccab36d10
stack at sp + 4 slots: 0x00000000000003d8 is an unknown value
stack at sp + 5 slots: 0x0000028ce55f7ec8 points into unknown readable memory: 0x101ff640481b2628 | 28 26 1b 48 40 f6 1f 10
stack at sp + 6 slots: 0x00000000b2000000 is an unknown value
stack at sp + 7 slots: 0x0000028ce55f7b80 points into unknown readable memory: 0x696c63652e67726f | 6f 72 67 2e 65 63 6c 69

VM_Operation (0x0000009d144ff170): RedefineClasses, mode: safepoint, requested by thread 0x0000028ce62e09c0, redefining class Sum



---------------  P R O C E S S  ---------------

Threads class SMR info:
_java_thread_list=0x0000028ce67d0b30, length=15, elements={
0x0000028cc6f8ef00, 0x0000028ce6052540, 0x0000028ce6035c10, 0x0000028ce6080610,
0x0000028ce6080f20, 0x0000028ce6081830, 0x0000028ce6082140, 0x0000028ce6094990,
0x0000028ce60953d0, 0x0000028ce60a4000, 0x0000028ce622af70, 0x0000028ce62e09c0,
0x0000028ce62e28c0, 0x0000028ce62e2ff0, 0x0000028ce67f0870
}

Java Threads: ( => current thread )
  0x0000028cc6f8ef00 JavaThread "main" [_thread_blocked, id=41576, stack(0x0000009d13300000,0x0000009d13400000)]
  0x0000028ce6052540 JavaThread "Reference Handler" daemon [_thread_blocked, id=37692, stack(0x0000009d13a00000,0x0000009d13b00000)]
  0x0000028ce6035c10 JavaThread "Finalizer" daemon [_thread_blocked, id=25916, stack(0x0000009d13b00000,0x0000009d13c00000)]
  0x0000028ce6080610 JavaThread "Signal Dispatcher" daemon [_thread_blocked, id=33668, stack(0x0000009d13c00000,0x0000009d13d00000)]
  0x0000028ce6080f20 JavaThread "Attach Listener" daemon [_thread_blocked, id=36720, stack(0x0000009d13d00000,0x0000009d13e00000)]
  0x0000028ce6081830 JavaThread "Service Thread" daemon [_thread_blocked, id=16724, stack(0x0000009d13e00000,0x0000009d13f00000)]
  0x0000028ce6082140 JavaThread "Monitor Deflation Thread" daemon [_thread_blocked, id=29644, stack(0x0000009d13f00000,0x0000009d14000000)]
  0x0000028ce6094990 JavaThread "C2 CompilerThread0" daemon [_thread_blocked, id=8940, stack(0x0000009d14000000,0x0000009d14100000)]
  0x0000028ce60953d0 JavaThread "C1 CompilerThread0" daemon [_thread_blocked, id=28420, stack(0x0000009d14100000,0x0000009d14200000)]
  0x0000028ce60a4000 JavaThread "Sweeper thread" daemon [_thread_blocked, id=2420, stack(0x0000009d14200000,0x0000009d14300000)]
  0x0000028ce622af70 JavaThread "Common-Cleaner" daemon [_thread_blocked, id=20732, stack(0x0000009d14300000,0x0000009d14400000)]
  0x0000028ce62e09c0 JavaThread "JDWP Transport Listener: dt_socket" daemon [_thread_blocked, id=6224, stack(0x0000009d14400000,0x0000009d14500000)]
  0x0000028ce62e28c0 JavaThread "JDWP Event Helper Thread" daemon [_thread_blocked, id=47996, stack(0x0000009d14500000,0x0000009d14600000)]
  0x0000028ce62e2ff0 JavaThread "JDWP Command Reader" daemon [_thread_in_native, id=30756, stack(0x0000009d14600000,0x0000009d14700000)]
  0x0000028ce67f0870 JavaThread "Notification Thread" daemon [_thread_blocked, id=43844, stack(0x0000009d14800000,0x0000009d14900000)]

Other Threads:
=>0x0000028ce560eb70 VMThread "VM Thread" [stack: 0x0000009d13900000,0x0000009d13a00000] [id=15828]
  0x0000028ce67f5d40 WatcherThread [stack: 0x0000009d14900000,0x0000009d14a00000] [id=13344]
  0x0000028cc6fdfc50 GCTaskThread "GC Thread#0" [stack: 0x0000009d13400000,0x0000009d13500000] [id=36404]
  0x0000028cc4f7d4e0 ConcurrentGCThread "G1 Main Marker" [stack: 0x0000009d13500000,0x0000009d13600000] [id=36508]
  0x0000028cc4f7de60 ConcurrentGCThread "G1 Conc#0" [stack: 0x0000009d13600000,0x0000009d13700000] [id=44292]
  0x0000028cc706ea80 ConcurrentGCThread "G1 Refine#0" [stack: 0x0000009d13700000,0x0000009d13800000] [id=46700]
  0x0000028ce5492620 ConcurrentGCThread "G1 Service" [stack: 0x0000009d13800000,0x0000009d13900000] [id=44228]

Threads with active compile tasks:
C1 CompilerThread0   311971  394       3       org.eclipse.jdt.launching.internal.org.objectweb.asm.SymbolTable$Entry::<init> (17 bytes)

VM state: at safepoint (normal execution)

VM Mutex/Monitor currently owned by a thread:  ([mutex/lock_event])
[0x0000028cc6f8ad70] Threads_lock - owner thread: 0x0000028ce560eb70

Heap address: 0x0000000701200000, size: 4078 MB, Compressed Oops mode: Zero based, Oop shift amount: 3

CDS disabled.
Compressed class space mapped at: 0x0000000800000000-0x0000000840000000, reserved size: 1073741824
Narrow klass base: 0x0000000800000000, Narrow klass shift: 0, Narrow klass range: 0x40000000

GC Precious Log:
 CPUs: 6 total, 6 available
 Memory: 16307M
 Large Page Support: Disabled
 NUMA Support: Disabled
 Compressed Oops: Enabled (Zero based)
 Heap Region Size: 2M
 Heap Min Capacity: 8M
 Heap Initial Capacity: 256M
 Heap Max Capacity: 4078M
 Pre-touch: Disabled
 Parallel Workers: 6
 Concurrent Workers: 2
 Concurrent Refinement Workers: 6
 Periodic GC: Disabled

Heap:
 garbage-first heap   total 262144K, used 4096K [0x0000000701200000, 0x0000000800000000)
  region size 2048K, 3 young (6144K), 0 survivors (0K)
 Metaspace       used 9209K, committed 9280K, reserved 1064960K
  class space    used 783K, committed 832K, reserved 1048576K

Heap Regions: E=young(eden), S=young(survivor), O=old, HS=humongous(starts), HC=humongous(continues), CS=collection set, F=free, OA=open archive, CA=closed archive, TAMS=top-at-mark-start (previous, next)
|   0|0x0000000701200000, 0x0000000701200000, 0x0000000701400000|  0%| F|  |TAMS 0x0000000701200000, 0x0000000701200000| Untracked 
|   1|0x0000000701400000, 0x0000000701400000, 0x0000000701600000|  0%| F|  |TAMS 0x0000000701400000, 0x0000000701400000| Untracked 
|   2|0x0000000701600000, 0x0000000701600000, 0x0000000701800000|  0%| F|  |TAMS 0x0000000701600000, 0x0000000701600000| Untracked 
|   3|0x0000000701800000, 0x0000000701800000, 0x0000000701a00000|  0%| F|  |TAMS 0x0000000701800000, 0x0000000701800000| Untracked 
|   4|0x0000000701a00000, 0x0000000701a00000, 0x0000000701c00000|  0%| F|  |TAMS 0x0000000701a00000, 0x0000000701a00000| Untracked 
|   5|0x0000000701c00000, 0x0000000701c00000, 0x0000000701e00000|  0%| F|  |TAMS 0x0000000701c00000, 0x0000000701c00000| Untracked 
|   6|0x0000000701e00000, 0x0000000701e00000, 0x0000000702000000|  0%| F|  |TAMS 0x0000000701e00000, 0x0000000701e00000| Untracked 
|   7|0x0000000702000000, 0x0000000702000000, 0x0000000702200000|  0%| F|  |TAMS 0x0000000702000000, 0x0000000702000000| Untracked 
|   8|0x0000000702200000, 0x0000000702200000, 0x0000000702400000|  0%| F|  |TAMS 0x0000000702200000, 0x0000000702200000| Untracked 
|   9|0x0000000702400000, 0x0000000702400000, 0x0000000702600000|  0%| F|  |TAMS 0x0000000702400000, 0x0000000702400000| Untracked 
|  10|0x0000000702600000, 0x0000000702600000, 0x0000000702800000|  0%| F|  |TAMS 0x0000000702600000, 0x0000000702600000| Untracked 
|  11|0x0000000702800000, 0x0000000702800000, 0x0000000702a00000|  0%| F|  |TAMS 0x0000000702800000, 0x0000000702800000| Untracked 
|  12|0x0000000702a00000, 0x0000000702a00000, 0x0000000702c00000|  0%| F|  |TAMS 0x0000000702a00000, 0x0000000702a00000| Untracked 
|  13|0x0000000702c00000, 0x0000000702c00000, 0x0000000702e00000|  0%| F|  |TAMS 0x0000000702c00000, 0x0000000702c00000| Untracked 
|  14|0x0000000702e00000, 0x0000000702e00000, 0x0000000703000000|  0%| F|  |TAMS 0x0000000702e00000, 0x0000000702e00000| Untracked 
|  15|0x0000000703000000, 0x0000000703000000, 0x0000000703200000|  0%| F|  |TAMS 0x0000000703000000, 0x0000000703000000| Untracked 
|  16|0x0000000703200000, 0x0000000703200000, 0x0000000703400000|  0%| F|  |TAMS 0x0000000703200000, 0x0000000703200000| Untracked 
|  17|0x0000000703400000, 0x0000000703400000, 0x0000000703600000|  0%| F|  |TAMS 0x0000000703400000, 0x0000000703400000| Untracked 
|  18|0x0000000703600000, 0x0000000703600000, 0x0000000703800000|  0%| F|  |TAMS 0x0000000703600000, 0x0000000703600000| Untracked 
|  19|0x0000000703800000, 0x0000000703800000, 0x0000000703a00000|  0%| F|  |TAMS 0x0000000703800000, 0x0000000703800000| Untracked 
|  20|0x0000000703a00000, 0x0000000703a00000, 0x0000000703c00000|  0%| F|  |TAMS 0x0000000703a00000, 0x0000000703a00000| Untracked 
|  21|0x0000000703c00000, 0x0000000703c00000, 0x0000000703e00000|  0%| F|  |TAMS 0x0000000703c00000, 0x0000000703c00000| Untracked 
|  22|0x0000000703e00000, 0x0000000703e00000, 0x0000000704000000|  0%| F|  |TAMS 0x0000000703e00000, 0x0000000703e00000| Untracked 
|  23|0x0000000704000000, 0x0000000704000000, 0x0000000704200000|  0%| F|  |TAMS 0x0000000704000000, 0x0000000704000000| Untracked 
|  24|0x0000000704200000, 0x0000000704200000, 0x0000000704400000|  0%| F|  |TAMS 0x0000000704200000, 0x0000000704200000| Untracked 
|  25|0x0000000704400000, 0x0000000704400000, 0x0000000704600000|  0%| F|  |TAMS 0x0000000704400000, 0x0000000704400000| Untracked 
|  26|0x0000000704600000, 0x0000000704600000, 0x0000000704800000|  0%| F|  |TAMS 0x0000000704600000, 0x0000000704600000| Untracked 
|  27|0x0000000704800000, 0x0000000704800000, 0x0000000704a00000|  0%| F|  |TAMS 0x0000000704800000, 0x0000000704800000| Untracked 
|  28|0x0000000704a00000, 0x0000000704a00000, 0x0000000704c00000|  0%| F|  |TAMS 0x0000000704a00000, 0x0000000704a00000| Untracked 
|  29|0x0000000704c00000, 0x0000000704c00000, 0x0000000704e00000|  0%| F|  |TAMS 0x0000000704c00000, 0x0000000704c00000| Untracked 
|  30|0x0000000704e00000, 0x0000000704e00000, 0x0000000705000000|  0%| F|  |TAMS 0x0000000704e00000, 0x0000000704e00000| Untracked 
|  31|0x0000000705000000, 0x0000000705000000, 0x0000000705200000|  0%| F|  |TAMS 0x0000000705000000, 0x0000000705000000| Untracked 
|  32|0x0000000705200000, 0x0000000705200000, 0x0000000705400000|  0%| F|  |TAMS 0x0000000705200000, 0x0000000705200000| Untracked 
|  33|0x0000000705400000, 0x0000000705400000, 0x0000000705600000|  0%| F|  |TAMS 0x0000000705400000, 0x0000000705400000| Untracked 
|  34|0x0000000705600000, 0x0000000705600000, 0x0000000705800000|  0%| F|  |TAMS 0x0000000705600000, 0x0000000705600000| Untracked 
|  35|0x0000000705800000, 0x0000000705800000, 0x0000000705a00000|  0%| F|  |TAMS 0x0000000705800000, 0x0000000705800000| Untracked 
|  36|0x0000000705a00000, 0x0000000705a00000, 0x0000000705c00000|  0%| F|  |TAMS 0x0000000705a00000, 0x0000000705a00000| Untracked 
|  37|0x0000000705c00000, 0x0000000705c00000, 0x0000000705e00000|  0%| F|  |TAMS 0x0000000705c00000, 0x0000000705c00000| Untracked 
|  38|0x0000000705e00000, 0x0000000705e00000, 0x0000000706000000|  0%| F|  |TAMS 0x0000000705e00000, 0x0000000705e00000| Untracked 
|  39|0x0000000706000000, 0x0000000706000000, 0x0000000706200000|  0%| F|  |TAMS 0x0000000706000000, 0x0000000706000000| Untracked 
|  40|0x0000000706200000, 0x0000000706200000, 0x0000000706400000|  0%| F|  |TAMS 0x0000000706200000, 0x0000000706200000| Untracked 
|  41|0x0000000706400000, 0x0000000706400000, 0x0000000706600000|  0%| F|  |TAMS 0x0000000706400000, 0x0000000706400000| Untracked 
|  42|0x0000000706600000, 0x0000000706600000, 0x0000000706800000|  0%| F|  |TAMS 0x0000000706600000, 0x0000000706600000| Untracked 
|  43|0x0000000706800000, 0x0000000706800000, 0x0000000706a00000|  0%| F|  |TAMS 0x0000000706800000, 0x0000000706800000| Untracked 
|  44|0x0000000706a00000, 0x0000000706a00000, 0x0000000706c00000|  0%| F|  |TAMS 0x0000000706a00000, 0x0000000706a00000| Untracked 
|  45|0x0000000706c00000, 0x0000000706c00000, 0x0000000706e00000|  0%| F|  |TAMS 0x0000000706c00000, 0x0000000706c00000| Untracked 
|  46|0x0000000706e00000, 0x0000000706e00000, 0x0000000707000000|  0%| F|  |TAMS 0x0000000706e00000, 0x0000000706e00000| Untracked 
|  47|0x0000000707000000, 0x0000000707000000, 0x0000000707200000|  0%| F|  |TAMS 0x0000000707000000, 0x0000000707000000| Untracked 
|  48|0x0000000707200000, 0x0000000707200000, 0x0000000707400000|  0%| F|  |TAMS 0x0000000707200000, 0x0000000707200000| Untracked 
|  49|0x0000000707400000, 0x0000000707400000, 0x0000000707600000|  0%| F|  |TAMS 0x0000000707400000, 0x0000000707400000| Untracked 
|  50|0x0000000707600000, 0x0000000707600000, 0x0000000707800000|  0%| F|  |TAMS 0x0000000707600000, 0x0000000707600000| Untracked 
|  51|0x0000000707800000, 0x0000000707800000, 0x0000000707a00000|  0%| F|  |TAMS 0x0000000707800000, 0x0000000707800000| Untracked 
|  52|0x0000000707a00000, 0x0000000707a00000, 0x0000000707c00000|  0%| F|  |TAMS 0x0000000707a00000, 0x0000000707a00000| Untracked 
|  53|0x0000000707c00000, 0x0000000707c00000, 0x0000000707e00000|  0%| F|  |TAMS 0x0000000707c00000, 0x0000000707c00000| Untracked 
|  54|0x0000000707e00000, 0x0000000707e00000, 0x0000000708000000|  0%| F|  |TAMS 0x0000000707e00000, 0x0000000707e00000| Untracked 
|  55|0x0000000708000000, 0x0000000708000000, 0x0000000708200000|  0%| F|  |TAMS 0x0000000708000000, 0x0000000708000000| Untracked 
|  56|0x0000000708200000, 0x0000000708200000, 0x0000000708400000|  0%| F|  |TAMS 0x0000000708200000, 0x0000000708200000| Untracked 
|  57|0x0000000708400000, 0x0000000708400000, 0x0000000708600000|  0%| F|  |TAMS 0x0000000708400000, 0x0000000708400000| Untracked 
|  58|0x0000000708600000, 0x0000000708600000, 0x0000000708800000|  0%| F|  |TAMS 0x0000000708600000, 0x0000000708600000| Untracked 
|  59|0x0000000708800000, 0x0000000708800000, 0x0000000708a00000|  0%| F|  |TAMS 0x0000000708800000, 0x0000000708800000| Untracked 
|  60|0x0000000708a00000, 0x0000000708a00000, 0x0000000708c00000|  0%| F|  |TAMS 0x0000000708a00000, 0x0000000708a00000| Untracked 
|  61|0x0000000708c00000, 0x0000000708c00000, 0x0000000708e00000|  0%| F|  |TAMS 0x0000000708c00000, 0x0000000708c00000| Untracked 
|  62|0x0000000708e00000, 0x0000000708e00000, 0x0000000709000000|  0%| F|  |TAMS 0x0000000708e00000, 0x0000000708e00000| Untracked 
|  63|0x0000000709000000, 0x0000000709000000, 0x0000000709200000|  0%| F|  |TAMS 0x0000000709000000, 0x0000000709000000| Untracked 
|  64|0x0000000709200000, 0x0000000709200000, 0x0000000709400000|  0%| F|  |TAMS 0x0000000709200000, 0x0000000709200000| Untracked 
|  65|0x0000000709400000, 0x0000000709400000, 0x0000000709600000|  0%| F|  |TAMS 0x0000000709400000, 0x0000000709400000| Untracked 
|  66|0x0000000709600000, 0x0000000709600000, 0x0000000709800000|  0%| F|  |TAMS 0x0000000709600000, 0x0000000709600000| Untracked 
|  67|0x0000000709800000, 0x0000000709800000, 0x0000000709a00000|  0%| F|  |TAMS 0x0000000709800000, 0x0000000709800000| Untracked 
|  68|0x0000000709a00000, 0x0000000709a00000, 0x0000000709c00000|  0%| F|  |TAMS 0x0000000709a00000, 0x0000000709a00000| Untracked 
|  69|0x0000000709c00000, 0x0000000709c00000, 0x0000000709e00000|  0%| F|  |TAMS 0x0000000709c00000, 0x0000000709c00000| Untracked 
|  70|0x0000000709e00000, 0x0000000709e00000, 0x000000070a000000|  0%| F|  |TAMS 0x0000000709e00000, 0x0000000709e00000| Untracked 
|  71|0x000000070a000000, 0x000000070a000000, 0x000000070a200000|  0%| F|  |TAMS 0x000000070a000000, 0x000000070a000000| Untracked 
|  72|0x000000070a200000, 0x000000070a200000, 0x000000070a400000|  0%| F|  |TAMS 0x000000070a200000, 0x000000070a200000| Untracked 
|  73|0x000000070a400000, 0x000000070a400000, 0x000000070a600000|  0%| F|  |TAMS 0x000000070a400000, 0x000000070a400000| Untracked 
|  74|0x000000070a600000, 0x000000070a600000, 0x000000070a800000|  0%| F|  |TAMS 0x000000070a600000, 0x000000070a600000| Untracked 
|  75|0x000000070a800000, 0x000000070a800000, 0x000000070aa00000|  0%| F|  |TAMS 0x000000070a800000, 0x000000070a800000| Untracked 
|  76|0x000000070aa00000, 0x000000070aa00000, 0x000000070ac00000|  0%| F|  |TAMS 0x000000070aa00000, 0x000000070aa00000| Untracked 
|  77|0x000000070ac00000, 0x000000070ac00000, 0x000000070ae00000|  0%| F|  |TAMS 0x000000070ac00000, 0x000000070ac00000| Untracked 
|  78|0x000000070ae00000, 0x000000070ae00000, 0x000000070b000000|  0%| F|  |TAMS 0x000000070ae00000, 0x000000070ae00000| Untracked 
|  79|0x000000070b000000, 0x000000070b000000, 0x000000070b200000|  0%| F|  |TAMS 0x000000070b000000, 0x000000070b000000| Untracked 
|  80|0x000000070b200000, 0x000000070b200000, 0x000000070b400000|  0%| F|  |TAMS 0x000000070b200000, 0x000000070b200000| Untracked 
|  81|0x000000070b400000, 0x000000070b400000, 0x000000070b600000|  0%| F|  |TAMS 0x000000070b400000, 0x000000070b400000| Untracked 
|  82|0x000000070b600000, 0x000000070b600000, 0x000000070b800000|  0%| F|  |TAMS 0x000000070b600000, 0x000000070b600000| Untracked 
|  83|0x000000070b800000, 0x000000070b800000, 0x000000070ba00000|  0%| F|  |TAMS 0x000000070b800000, 0x000000070b800000| Untracked 
|  84|0x000000070ba00000, 0x000000070ba00000, 0x000000070bc00000|  0%| F|  |TAMS 0x000000070ba00000, 0x000000070ba00000| Untracked 
|  85|0x000000070bc00000, 0x000000070bc00000, 0x000000070be00000|  0%| F|  |TAMS 0x000000070bc00000, 0x000000070bc00000| Untracked 
|  86|0x000000070be00000, 0x000000070be00000, 0x000000070c000000|  0%| F|  |TAMS 0x000000070be00000, 0x000000070be00000| Untracked 
|  87|0x000000070c000000, 0x000000070c000000, 0x000000070c200000|  0%| F|  |TAMS 0x000000070c000000, 0x000000070c000000| Untracked 
|  88|0x000000070c200000, 0x000000070c200000, 0x000000070c400000|  0%| F|  |TAMS 0x000000070c200000, 0x000000070c200000| Untracked 
|  89|0x000000070c400000, 0x000000070c400000, 0x000000070c600000|  0%| F|  |TAMS 0x000000070c400000, 0x000000070c400000| Untracked 
|  90|0x000000070c600000, 0x000000070c600000, 0x000000070c800000|  0%| F|  |TAMS 0x000000070c600000, 0x000000070c600000| Untracked 
|  91|0x000000070c800000, 0x000000070c800000, 0x000000070ca00000|  0%| F|  |TAMS 0x000000070c800000, 0x000000070c800000| Untracked 
|  92|0x000000070ca00000, 0x000000070ca00000, 0x000000070cc00000|  0%| F|  |TAMS 0x000000070ca00000, 0x000000070ca00000| Untracked 
|  93|0x000000070cc00000, 0x000000070cc00000, 0x000000070ce00000|  0%| F|  |TAMS 0x000000070cc00000, 0x000000070cc00000| Untracked 
|  94|0x000000070ce00000, 0x000000070ce00000, 0x000000070d000000|  0%| F|  |TAMS 0x000000070ce00000, 0x000000070ce00000| Untracked 
|  95|0x000000070d000000, 0x000000070d000000, 0x000000070d200000|  0%| F|  |TAMS 0x000000070d000000, 0x000000070d000000| Untracked 
|  96|0x000000070d200000, 0x000000070d200000, 0x000000070d400000|  0%| F|  |TAMS 0x000000070d200000, 0x000000070d200000| Untracked 
|  97|0x000000070d400000, 0x000000070d400000, 0x000000070d600000|  0%| F|  |TAMS 0x000000070d400000, 0x000000070d400000| Untracked 
|  98|0x000000070d600000, 0x000000070d600000, 0x000000070d800000|  0%| F|  |TAMS 0x000000070d600000, 0x000000070d600000| Untracked 
|  99|0x000000070d800000, 0x000000070d800000, 0x000000070da00000|  0%| F|  |TAMS 0x000000070d800000, 0x000000070d800000| Untracked 
| 100|0x000000070da00000, 0x000000070da00000, 0x000000070dc00000|  0%| F|  |TAMS 0x000000070da00000, 0x000000070da00000| Untracked 
| 101|0x000000070dc00000, 0x000000070dc00000, 0x000000070de00000|  0%| F|  |TAMS 0x000000070dc00000, 0x000000070dc00000| Untracked 
| 102|0x000000070de00000, 0x000000070de00000, 0x000000070e000000|  0%| F|  |TAMS 0x000000070de00000, 0x000000070de00000| Untracked 
| 103|0x000000070e000000, 0x000000070e000000, 0x000000070e200000|  0%| F|  |TAMS 0x000000070e000000, 0x000000070e000000| Untracked 
| 104|0x000000070e200000, 0x000000070e200000, 0x000000070e400000|  0%| F|  |TAMS 0x000000070e200000, 0x000000070e200000| Untracked 
| 105|0x000000070e400000, 0x000000070e400000, 0x000000070e600000|  0%| F|  |TAMS 0x000000070e400000, 0x000000070e400000| Untracked 
| 106|0x000000070e600000, 0x000000070e600000, 0x000000070e800000|  0%| F|  |TAMS 0x000000070e600000, 0x000000070e600000| Untracked 
| 107|0x000000070e800000, 0x000000070e800000, 0x000000070ea00000|  0%| F|  |TAMS 0x000000070e800000, 0x000000070e800000| Untracked 
| 108|0x000000070ea00000, 0x000000070ea00000, 0x000000070ec00000|  0%| F|  |TAMS 0x000000070ea00000, 0x000000070ea00000| Untracked 
| 109|0x000000070ec00000, 0x000000070ec00000, 0x000000070ee00000|  0%| F|  |TAMS 0x000000070ec00000, 0x000000070ec00000| Untracked 
| 110|0x000000070ee00000, 0x000000070ee00000, 0x000000070f000000|  0%| F|  |TAMS 0x000000070ee00000, 0x000000070ee00000| Untracked 
| 111|0x000000070f000000, 0x000000070f000000, 0x000000070f200000|  0%| F|  |TAMS 0x000000070f000000, 0x000000070f000000| Untracked 
| 112|0x000000070f200000, 0x000000070f200000, 0x000000070f400000|  0%| F|  |TAMS 0x000000070f200000, 0x000000070f200000| Untracked 
| 113|0x000000070f400000, 0x000000070f400000, 0x000000070f600000|  0%| F|  |TAMS 0x000000070f400000, 0x000000070f400000| Untracked 
| 114|0x000000070f600000, 0x000000070f600000, 0x000000070f800000|  0%| F|  |TAMS 0x000000070f600000, 0x000000070f600000| Untracked 
| 115|0x000000070f800000, 0x000000070f800000, 0x000000070fa00000|  0%| F|  |TAMS 0x000000070f800000, 0x000000070f800000| Untracked 
| 116|0x000000070fa00000, 0x000000070fa00000, 0x000000070fc00000|  0%| F|  |TAMS 0x000000070fa00000, 0x000000070fa00000| Untracked 
| 117|0x000000070fc00000, 0x000000070fc00000, 0x000000070fe00000|  0%| F|  |TAMS 0x000000070fc00000, 0x000000070fc00000| Untracked 
| 118|0x000000070fe00000, 0x000000070fe00000, 0x0000000710000000|  0%| F|  |TAMS 0x000000070fe00000, 0x000000070fe00000| Untracked 
| 119|0x0000000710000000, 0x0000000710000000, 0x0000000710200000|  0%| F|  |TAMS 0x0000000710000000, 0x0000000710000000| Untracked 
| 120|0x0000000710200000, 0x0000000710200000, 0x0000000710400000|  0%| F|  |TAMS 0x0000000710200000, 0x0000000710200000| Untracked 
| 121|0x0000000710400000, 0x0000000710400000, 0x0000000710600000|  0%| F|  |TAMS 0x0000000710400000, 0x0000000710400000| Untracked 
| 122|0x0000000710600000, 0x0000000710600000, 0x0000000710800000|  0%| F|  |TAMS 0x0000000710600000, 0x0000000710600000| Untracked 
| 123|0x0000000710800000, 0x0000000710800000, 0x0000000710a00000|  0%| F|  |TAMS 0x0000000710800000, 0x0000000710800000| Untracked 
| 124|0x0000000710a00000, 0x0000000710a00000, 0x0000000710c00000|  0%| F|  |TAMS 0x0000000710a00000, 0x0000000710a00000| Untracked 
| 125|0x0000000710c00000, 0x0000000710d9d608, 0x0000000710e00000| 80%| E|  |TAMS 0x0000000710c00000, 0x0000000710c00000| Complete 
| 126|0x0000000710e00000, 0x0000000711000000, 0x0000000711000000|100%| E|CS|TAMS 0x0000000710e00000, 0x0000000710e00000| Complete 
| 127|0x0000000711000000, 0x0000000711200000, 0x0000000711200000|100%| E|CS|TAMS 0x0000000711000000, 0x0000000711000000| Complete 

Card table byte_map: [0x0000028cd9e20000,0x0000028cda620000] _byte_map_base: 0x0000028cd6617000

Marking Bits (Prev, Next): (CMBitMap*) 0x0000028cc4f7c3a0, (CMBitMap*) 0x0000028cc4f7c3e0
 Prev Bits: [0x0000028cdae20000, 0x0000028cdedd8000)
 Next Bits: [0x0000028cdede0000, 0x0000028ce2d98000)

Polling page: 0x0000028cc4e40000

Metaspace:

Usage:
  Non-class:      8.23 MB used.
      Class:    783.88 KB used.
       Both:      8.99 MB used.

Virtual space:
  Non-class space:       16.00 MB reserved,       8.25 MB ( 52%) committed,  2 nodes.
      Class space:        1.00 GB reserved,     832.00 KB ( <1%) committed,  1 nodes.
              Both:        1.02 GB reserved,       9.06 MB ( <1%) committed. 

Chunk freelists:
   Non-Class:  3.75 MB
       Class:  3.23 MB
        Both:  6.98 MB

MaxMetaspaceSize: 17179869184.00 GB
CompressedClassSpaceSize: 1.00 GB
 - commit_granule_bytes: 65536.
 - commit_granule_words: 8192.
 - virtual_space_node_default_size: 1048576.
 - enlarge_chunks_in_place: 1.
 - new_chunks_are_fully_committed: 0.
 - uncommit_free_chunks: 1.
 - use_allocation_guard: 0.
 - handle_deallocations: 1.


Internal statistics:

num_allocs_failed_limit: 0.
num_arena_births: 10.
num_arena_deaths: 0.
num_vsnodes_births: 3.
num_vsnodes_deaths: 0.
num_space_committed: 145.
num_space_uncommitted: 0.
num_chunks_returned_to_freelist: 0.
num_chunks_taken_from_freelist: 50.
num_chunk_merges: 0.
num_chunk_splits: 20.
num_chunks_enlarged: 13.
num_purges: 0.

CodeHeap 'non-profiled nmethods': size=120000Kb used=129Kb max_used=129Kb free=119870Kb
 bounds [0x0000028cd1fe0000, 0x0000028cd2250000, 0x0000028cd9510000]
CodeHeap 'profiled nmethods': size=120000Kb used=540Kb max_used=540Kb free=119459Kb
 bounds [0x0000028ccaab0000, 0x0000028ccad20000, 0x0000028cd1fe0000]
CodeHeap 'non-nmethods': size=5760Kb used=1198Kb max_used=1217Kb free=4561Kb
 bounds [0x0000028cca510000, 0x0000028cca780000, 0x0000028ccaab0000]
 total_blobs=796 nmethods=393 adapters=316
 compilation: enabled
              stopped_count=0, restarted_count=0
 full_count=0

Compilation events (20 events):
Event: 0.393 Thread 0x0000028ce6094990 nmethod 367 0x0000028cd1fff090 code [0x0000028cd1fff240, 0x0000028cd2000218]
Event: 116.853 Thread 0x0000028ce60953d0  385       3       org.eclipse.jdt.launching.internal.org.objectweb.asm.ClassReader::readUnsignedShort (26 bytes)
Event: 116.853 Thread 0x0000028ce60953d0 nmethod 385 0x0000028ccab33f10 code [0x0000028ccab340c0, 0x0000028ccab34238]
Event: 116.853 Thread 0x0000028ce60953d0  386       3       java.lang.String::<init> (74 bytes)
Event: 116.855 Thread 0x0000028ce60953d0 nmethod 386 0x0000028ccab34310 code [0x0000028ccab34500, 0x0000028ccab34938]
Event: 116.855 Thread 0x0000028ce60953d0  387       3       java.lang.StringUTF16::compress (20 bytes)
Event: 116.855 Thread 0x0000028ce60953d0 nmethod 387 0x0000028ccab34a90 code [0x0000028ccab34c40, 0x0000028ccab34e88]
Event: 262.526 Thread 0x0000028ce60953d0  388       3       org.eclipse.jdt.launching.internal.org.objectweb.asm.ClassReader::readUtf (44 bytes)
Event: 262.527 Thread 0x0000028ce60953d0 nmethod 388 0x0000028ccab34f90 code [0x0000028ccab35160, 0x0000028ccab35578]
Event: 262.527 Thread 0x0000028ce60953d0  389       3       org.eclipse.jdt.launching.internal.org.objectweb.asm.ClassReader::getItem (7 bytes)
Event: 262.528 Thread 0x0000028ce60953d0 

Event: 262.528 Thread 0x0000028ce60953d0  390       3       java.lang.String::<init> (14 bytes)
Event: 262.529 Thread 0x0000028ce60953d0 nmethod 390 0x0000028ccab35710 code [0x0000028ccab358e0, 0x0000028ccab35af8]
Event: 311.886 Thread 0x0000028ce60953d0  391       3       org.eclipse.jdt.launching.internal.org.objectweb.asm.Symbol::<init> (38 bytes)
Event: 311.886 Thread 0x0000028ce60953d0 nmethod 391 0x0000028ccab35c10 code [0x0000028ccab35dc0, 0x0000028ccab36078]
Event: 311.886 Thread 0x0000028ce60953d0  392       3       org.eclipse.jdt.launching.internal.org.objectweb.asm.SymbolTable::add (39 bytes)
Event: 311.886 Thread 0x0000028ce60953d0 nmethod 392 0x0000028ccab36190 code [0x0000028ccab36340, 0x0000028ccab366b8]
Event: 311.886 Thread 0x0000028ce60953d0  393       3       org.eclipse.jdt.launching.internal.org.objectweb.asm.ClassReader::readUTF8 (23 bytes)
Event: 311.886 Thread 0x0000028ce60953d0 nmethod 393 0x0000028ccab36810 code [0x0000028ccab369e0, 0x0000028ccab36c38]
Event: 311.886 Thread 0x0000028ce60953d0  394       3       org.eclipse.jdt.launching.internal.org.objectweb.asm.SymbolTable$Entry::<init> (17 bytes)

GC Heap History (0 events):
No events

Deoptimization events (20 events):
Event: 0.379 Thread 0x0000028cc6f8ef00 DEOPT PACKING pc=0x0000028ccab1f57c sp=0x0000009d133f7cc0
Event: 0.379 Thread 0x0000028cc6f8ef00 DEOPT UNPACKING pc=0x0000028cca55dece sp=0x0000009d133f7128 mode 0
Event: 0.379 Thread 0x0000028cc6f8ef00 DEOPT PACKING pc=0x0000028ccab1f57c sp=0x0000009d133f7cc0
Event: 0.379 Thread 0x0000028cc6f8ef00 DEOPT UNPACKING pc=0x0000028cca55dece sp=0x0000009d133f7128 mode 0
Event: 0.379 Thread 0x0000028cc6f8ef00 DEOPT PACKING pc=0x0000028ccab1f57c sp=0x0000009d133f7cc0
Event: 0.379 Thread 0x0000028cc6f8ef00 DEOPT UNPACKING pc=0x0000028cca55dece sp=0x0000009d133f7128 mode 0
Event: 0.381 Thread 0x0000028cc6f8ef00 DEOPT PACKING pc=0x0000028ccab1f57c sp=0x0000009d133fb6f0
Event: 0.381 Thread 0x0000028cc6f8ef00 DEOPT UNPACKING pc=0x0000028cca55dece sp=0x0000009d133fab58 mode 0
Event: 0.381 Thread 0x0000028cc6f8ef00 DEOPT PACKING pc=0x0000028ccab1f57c sp=0x0000009d133fb6f0
Event: 0.381 Thread 0x0000028cc6f8ef00 DEOPT UNPACKING pc=0x0000028cca55dece sp=0x0000009d133fab58 mode 0
Event: 0.381 Thread 0x0000028cc6f8ef00 DEOPT PACKING pc=0x0000028ccab1f57c sp=0x0000009d133fb6f0
Event: 0.381 Thread 0x0000028cc6f8ef00 DEOPT UNPACKING pc=0x0000028cca55dece sp=0x0000009d133fab58 mode 0
Event: 0.388 Thread 0x0000028cc6f8ef00 DEOPT PACKING pc=0x0000028ccab1f57c sp=0x0000009d133f78b0
Event: 0.388 Thread 0x0000028cc6f8ef00 DEOPT UNPACKING pc=0x0000028cca55dece sp=0x0000009d133f6d18 mode 0
Event: 0.388 Thread 0x0000028cc6f8ef00 DEOPT PACKING pc=0x0000028ccab1f57c sp=0x0000009d133f78b0
Event: 0.388 Thread 0x0000028cc6f8ef00 DEOPT UNPACKING pc=0x0000028cca55dece sp=0x0000009d133f6d18 mode 0
Event: 0.388 Thread 0x0000028cc6f8ef00 DEOPT PACKING pc=0x0000028ccab1f57c sp=0x0000009d133f78b0
Event: 0.388 Thread 0x0000028cc6f8ef00 DEOPT UNPACKING pc=0x0000028cca55dece sp=0x0000009d133f6d18 mode 0
Event: 0.389 Thread 0x0000028cc6f8ef00 DEOPT PACKING pc=0x0000028ccab1f57c sp=0x0000009d133f78b0
Event: 0.389 Thread 0x0000028cc6f8ef00 DEOPT UNPACKING pc=0x0000028cca55dece sp=0x0000009d133f6d18 mode 0

Classes unloaded (0 events):
No events

Classes redefined (4 events):
Event: 99.190 Thread 0x0000028ce560eb70 redefined class name=Sum, count=1
Event: 116.854 Thread 0x0000028ce560eb70 redefined class name=Sum, count=2
Event: 262.527 Thread 0x0000028ce560eb70 redefined class name=Sum, count=3
Event: 311.887 Thread 0x0000028ce560eb70 redefined class name=Sum, count=4

Internal exceptions (1 events):
Event: 0.361 Thread 0x0000028cc6f8ef00 Exception <a 'java/lang/NoSuchMethodError'{0x0000000710c18b90}: 'java.lang.Object java.lang.invoke.DirectMethodHandle$Holder.invokeStatic(java.lang.Object)'> (0x0000000710c18b90) 
thrown [t:\workspace\open\src\hotspot\share\interpreter\linkResolver.cpp, line 790]

Events (20 events):
Event: 0.376 loading class jdk/internal/reflect/BootstrapConstructorAccessorImpl
Event: 0.376 loading class jdk/internal/reflect/BootstrapConstructorAccessorImpl done
Event: 0.380 loading class java/lang/IndexOutOfBoundsException
Event: 0.380 loading class java/lang/IndexOutOfBoundsException done
Event: 0.389 loading class java/lang/IllegalStateException
Event: 0.389 loading class java/lang/IllegalStateException done
Event: 1.226 Executing  VM operation: Cleanup
Event: 1.226 Executing  VM operation: Cleanup done
Event: 5.398 Thread 0x0000028ce67f0310 Thread exited: 0x0000028ce67f0310
Event: 99.190 Executing  VM operation: RedefineClasses
Event: 99.191 Executing  VM operation: RedefineClasses done
Event: 116.854 Executing  VM operation: RedefineClasses
Event: 116.855 Executing  VM operation: RedefineClasses done
Event: 116.857 Executing  VM operation: ChangeBreakpoints
Event: 116.857 Executing  VM operation: ChangeBreakpoints done
Event: 262.527 Executing  VM operation: RedefineClasses
Event: 262.528 Executing  VM operation: RedefineClasses done
Event: 262.531 Executing  VM operation: ChangeBreakpoints
Event: 262.531 Executing  VM operation: ChangeBreakpoints done
Event: 311.887 Executing  VM operation: RedefineClasses


Dynamic libraries:
0x00007ff6b8200000 - 0x00007ff6b820e000 	C:\Users\User\.p2\pool\plugins\org.eclipse.justj.openjdk.hotspot.jre.full.win32.x86_64_16.0.2.v20210721-1149\jre\bin\javaw.exe
0x00007ffc42690000 - 0x00007ffc42888000 	C:\WINDOWS\SYSTEM32\ntdll.dll
0x00007ffc41970000 - 0x00007ffc41a2f000 	C:\WINDOWS\System32\KERNEL32.DLL
0x00007ffc403f0000 - 0x00007ffc406c2000 	C:\WINDOWS\System32\KERNELBASE.dll
0x00007ffc3ffa0000 - 0x00007ffc400a0000 	C:\WINDOWS\System32\ucrtbase.dll
0x00007ffc3b340000 - 0x00007ffc3b359000 	C:\Users\User\.p2\pool\plugins\org.eclipse.justj.openjdk.hotspot.jre.full.win32.x86_64_16.0.2.v20210721-1149\jre\bin\VCRUNTIME140.dll
0x00007ffc36fb0000 - 0x00007ffc36fc8000 	C:\Users\User\.p2\pool\plugins\org.eclipse.justj.openjdk.hotspot.jre.full.win32.x86_64_16.0.2.v20210721-1149\jre\bin\jli.dll
0x00007ffc410e0000 - 0x00007ffc41281000 	C:\WINDOWS\System32\USER32.dll
0x00007ffc3ff40000 - 0x00007ffc3ff62000 	C:\WINDOWS\System32\win32u.dll
0x00007ffc2ec60000 - 0x00007ffc2eefa000 	C:\WINDOWS\WinSxS\amd64_microsoft.windows.common-controls_6595b64144ccf1df_6.0.19041.1110_none_60b5254171f9507e\COMCTL32.dll
0x00007ffc40d00000 - 0x00007ffc40d2b000 	C:\WINDOWS\System32\GDI32.dll
0x00007ffc423b0000 - 0x00007ffc4244e000 	C:\WINDOWS\System32\msvcrt.dll
0x00007ffc3fd80000 - 0x00007ffc3fe8f000 	C:\WINDOWS\System32\gdi32full.dll
0x00007ffc40300000 - 0x00007ffc4039d000 	C:\WINDOWS\System32\msvcp_win.dll
0x00007ffc410a0000 - 0x00007ffc410d2000 	C:\WINDOWS\System32\IMM32.DLL
0x00007ffc36fa0000 - 0x00007ffc36fac000 	C:\Users\User\.p2\pool\plugins\org.eclipse.justj.openjdk.hotspot.jre.full.win32.x86_64_16.0.2.v20210721-1149\jre\bin\vcruntime140_1.dll
0x00007ffc173a0000 - 0x00007ffc17431000 	C:\Users\User\.p2\pool\plugins\org.eclipse.justj.openjdk.hotspot.jre.full.win32.x86_64_16.0.2.v20210721-1149\jre\bin\msvcp140.dll
0x00007ffbc2280000 - 0x00007ffbc2e2b000 	C:\Users\User\.p2\pool\plugins\org.eclipse.justj.openjdk.hotspot.jre.full.win32.x86_64_16.0.2.v20210721-1149\jre\bin\server\jvm.dll
0x00007ffc40ed0000 - 0x00007ffc40f7e000 	C:\WINDOWS\System32\ADVAPI32.dll
0x00007ffc417b0000 - 0x00007ffc4184c000 	C:\WINDOWS\System32\sechost.dll
0x00007ffc42500000 - 0x00007ffc42625000 	C:\WINDOWS\System32\RPCRT4.dll
0x00007ffc40e10000 - 0x00007ffc40e18000 	C:\WINDOWS\System32\PSAPI.DLL
0x00007ffc39120000 - 0x00007ffc39129000 	C:\WINDOWS\SYSTEM32\WSOCK32.dll
0x00007ffc2fd00000 - 0x00007ffc2fd27000 	C:\WINDOWS\SYSTEM32\WINMM.dll
0x00007ffc42180000 - 0x00007ffc421eb000 	C:\WINDOWS\System32\WS2_32.dll
0x00007ffc389c0000 - 0x00007ffc389ca000 	C:\WINDOWS\SYSTEM32\VERSION.dll
0x00007ffc3dc60000 - 0x00007ffc3dc72000 	C:\WINDOWS\SYSTEM32\kernel.appcore.dll
0x00007ffc37180000 - 0x00007ffc3718a000 	C:\Users\User\.p2\pool\plugins\org.eclipse.justj.openjdk.hotspot.jre.full.win32.x86_64_16.0.2.v20210721-1149\jre\bin\jimage.dll
0x00007ffc37c20000 - 0x00007ffc37e04000 	C:\WINDOWS\SYSTEM32\DBGHELP.DLL
0x00007ffc37840000 - 0x00007ffc37875000 	C:\WINDOWS\SYSTEM32\dbgcore.DLL
0x00007ffc400a0000 - 0x00007ffc40122000 	C:\WINDOWS\System32\bcryptPrimitives.dll
0x00007ffc23050000 - 0x00007ffc2308b000 	C:\Users\User\.p2\pool\plugins\org.eclipse.justj.openjdk.hotspot.jre.full.win32.x86_64_16.0.2.v20210721-1149\jre\bin\jdwp.dll
0x00007ffc36f70000 - 0x00007ffc36f7e000 	C:\Users\User\.p2\pool\plugins\org.eclipse.justj.openjdk.hotspot.jre.full.win32.x86_64_16.0.2.v20210721-1149\jre\bin\instrument.dll
0x00007ffc32090000 - 0x00007ffc320b5000 	C:\Users\User\.p2\pool\plugins\org.eclipse.justj.openjdk.hotspot.jre.full.win32.x86_64_16.0.2.v20210721-1149\jre\bin\java.dll
0x00007ffc351c0000 - 0x00007ffc351d8000 	C:\Users\User\.p2\pool\plugins\org.eclipse.justj.openjdk.hotspot.jre.full.win32.x86_64_16.0.2.v20210721-1149\jre\bin\zip.dll
0x00007ffc41a30000 - 0x00007ffc42175000 	C:\WINDOWS\System32\SHELL32.dll
0x00007ffc3de60000 - 0x00007ffc3e5f2000 	C:\WINDOWS\SYSTEM32\windows.storage.dll
0x00007ffc41440000 - 0x00007ffc41795000 	C:\WINDOWS\System32\combase.dll
0x00007ffc3f7e0000 - 0x00007ffc3f810000 	C:\WINDOWS\SYSTEM32\Wldp.dll
0x00007ffc42450000 - 0x00007ffc424fd000 	C:\WINDOWS\System32\SHCORE.dll
0x00007ffc41040000 - 0x00007ffc41095000 	C:\WINDOWS\System32\shlwapi.dll
0x00007ffc3fcc0000 - 0x00007ffc3fcdf000 	C:\WINDOWS\SYSTEM32\profapi.dll
0x00007ffc364f0000 - 0x00007ffc364fc000 	C:\Users\User\.p2\pool\plugins\org.eclipse.justj.openjdk.hotspot.jre.full.win32.x86_64_16.0.2.v20210721-1149\jre\bin\dt_socket.dll
0x00007ffc3f1e0000 - 0x00007ffc3f21b000 	C:\WINDOWS\SYSTEM32\IPHLPAPI.DLL
0x00007ffc3f540000 - 0x00007ffc3f5aa000 	C:\WINDOWS\system32\mswsock.dll
0x00007ffc3f220000 - 0x00007ffc3f2eb000 	C:\WINDOWS\SYSTEM32\DNSAPI.dll
0x00007ffc40d30000 - 0x00007ffc40d38000 	C:\WINDOWS\System32\NSI.dll
0x00007ffc36540000 - 0x00007ffc3654a000 	C:\Windows\System32\rasadhlp.dll
0x00007ffc36bb0000 - 0x00007ffc36c30000 	C:\WINDOWS\System32\fwpuclnt.dll
0x00007ffc3ff70000 - 0x00007ffc3ff97000 	C:\WINDOWS\System32\bcrypt.dll
0x00007ffc311e0000 - 0x00007ffc311f9000 	C:\Users\User\.p2\pool\plugins\org.eclipse.justj.openjdk.hotspot.jre.full.win32.x86_64_16.0.2.v20210721-1149\jre\bin\net.dll
0x00007ffc3ad20000 - 0x00007ffc3ae2c000 	C:\WINDOWS\SYSTEM32\WINHTTP.dll
0x00007ffc2cbc0000 - 0x00007ffc2cbd3000 	C:\Users\User\.p2\pool\plugins\org.eclipse.justj.openjdk.hotspot.jre.full.win32.x86_64_16.0.2.v20210721-1149\jre\bin\nio.dll
0x00007ffc37170000 - 0x00007ffc37180000 	C:\Users\User\.p2\pool\plugins\org.eclipse.justj.openjdk.hotspot.jre.full.win32.x86_64_16.0.2.v20210721-1149\jre\bin\verify.dll

dbghelp: loaded successfully - version: 4.0.5 - missing functions: none
symbol engine: initialized successfully - sym options: 0x614 - pdb path: .;C:\Users\User\.p2\pool\plugins\org.eclipse.justj.openjdk.hotspot.jre.full.win32.x86_64_16.0.2.v20210721-1149\jre\bin;C:\WINDOWS\SYSTEM32;C:\WINDOWS\WinSxS\amd64_microsoft.windows.common-controls_6595b64144ccf1df_6.0.19041.1110_none_60b5254171f9507e;C:\Users\User\.p2\pool\plugins\org.eclipse.justj.openjdk.hotspot.jre.full.win32.x86_64_16.0.2.v20210721-1149\jre\bin\server

VM Arguments:
jvm_args: -XX:+ShowCodeDetailsInExceptionMessages -agentlib:jdwp=transport=dt_socket,suspend=y,address=localhost:54275 -javaagent:C:\Users\User\eclipse\java-2021-06\eclipse\configuration\org.eclipse.osgi\222\0\.cp\lib\javaagent-shaded.jar -Dfile.encoding=Cp1252 
java_command: Sum
java_class_path (initial): C:\Users\User\eclipse-workspace\Sum names\bin
Launcher Type: SUN_STANDARD

[Global flags]
     intx CICompilerCount                          = 3                                         {product} {ergonomic}
     uint ConcGCThreads                            = 2                                         {product} {ergonomic}
     uint G1ConcRefinementThreads                  = 6                                         {product} {ergonomic}
   size_t G1HeapRegionSize                         = 2097152                                   {product} {ergonomic}
    uintx GCDrainStackTargetSize                   = 64                                        {product} {ergonomic}
   size_t InitialHeapSize                          = 268435456                                 {product} {ergonomic}
   size_t MarkStackSize                            = 4194304                                   {product} {ergonomic}
   size_t MaxHeapSize                              = 4276092928                                {product} {ergonomic}
   size_t MaxNewSize                               = 2564816896                                {product} {ergonomic}
   size_t MinHeapDeltaBytes                        = 2097152                                   {product} {ergonomic}
   size_t MinHeapSize                              = 8388608                                   {product} {ergonomic}
    uintx NonNMethodCodeHeapSize                   = 5832780                                {pd product} {ergonomic}
    uintx NonProfiledCodeHeapSize                  = 122912730                              {pd product} {ergonomic}
    uintx ProfiledCodeHeapSize                     = 122912730                              {pd product} {ergonomic}
    uintx ReservedCodeCacheSize                    = 251658240                              {pd product} {ergonomic}
     bool SegmentedCodeCache                       = true                                      {product} {ergonomic}
     bool ShowCodeDetailsInExceptionMessages       = true                                   {manageable} {command line}
   size_t SoftMaxHeapSize                          = 4276092928                             {manageable} {ergonomic}
     bool UseCompressedClassPointers               = true                           {product lp64_product} {ergonomic}
     bool UseCompressedOops                        = true                           {product lp64_product} {ergonomic}
     bool UseG1GC                                  = true                                      {product} {ergonomic}
     bool UseLargePagesIndividualAllocation        = false                                  {pd product} {ergonomic}

Logging:
Log output configuration:
 #0: stdout all=warning uptime,level,tags
 #1: stderr all=off uptime,level,tags

Environment Variables:
PATH=C:\Users\User\.p2\pool\plugins\org.eclipse.justj.openjdk.hotspot.jre.full.win32.x86_64_16.0.2.v20210721-1149\jre\bin;C:/Users/User/.p2/pool/plugins/org.eclipse.justj.openjdk.hotspot.jre.full.win32.x86_64_16.0.2.v20210721-1149/jre/bin/server;C:/Users/User/.p2/pool/plugins/org.eclipse.justj.openjdk.hotspot.jre.full.win32.x86_64_16.0.2.v20210721-1149/jre/bin;C:\Program Files\Oculus\Support\oculus-runtime;C:\Program Files\Common Files\Oracle\Java\javapath;C:\WINDOWS\system32;C:\WINDOWS;C:\WINDOWS\System32\Wbem;C:\WINDOWS\System32\WindowsPowerShell\v1.0\;C:\WINDOWS\System32\OpenSSH\;C:\Program Files\Git\cmd;C:\Users\User\AppData\Local\Microsoft\WindowsApps;;C:\Users\User\AppData\Local\Programs\Microsoft VS Code\bin;C:\Users\User\Desktop;
USERNAME=User
OS=Windows_NT
PROCESSOR_IDENTIFIER=Intel64 Family 6 Model 158 Stepping 12, GenuineIntel



---------------  S Y S T E M  ---------------

OS:
 Windows 10 , 64 bit Build 19041 (10.0.19041.2546)
OS uptime: 6 days 2:36 hours

CPU: total 6 (initial active 6) (6 cores per cpu, 1 threads per core) family 6 model 158 stepping 12 microcode 0xae, cx8, cmov, fxsr, mmx, 3dnowpref, sse, sse2, sse3, ssse3, sse4.1, sse4.2, popcnt, lzcnt, tsc, tscinvbit, avx, avx2, aes, erms, clmul, bmi1, bmi2, adx, fma, vzeroupper, clflush, clflushopt

Memory: 4k page, system-wide physical 16307M (7517M free)
TotalPageFile size 22707M (AvailPageFile size 8967M)
current process WorkingSet (physical memory assigned to process): 46M, peak: 48M
current process commit charge ("private bytes"): 339M, peak: 342M

vm_info: OpenJDK 64-Bit Server VM (16.0.2+7-67) for windows-amd64 JRE (16.0.2+7-67), built on Jun  8 2021 23:21:43 by "mach5one" with MS VC++ 16.7 (VS2019)

END.
